E:\CODES\PCM\PCM\X64\DEBUG\MAIN_WINDOW.OBJ
E:\CODES\PCM\PCM\X64\DEBUG\MAIN.OBJ
E:\CODES\PCM\PCM\X64\DEBUG\MOC_MAIN_WINDOW.OBJ
E:\CODES\PCM\PCM\X64\DEBUG\VC110.PDB
E:\CODES\PCM\PCM\X64\DEBUG\QRC_MAIN_WINDOW.OBJ
E:\CODES\PCM\PCM\GENERATEDFILES\DEBUG\MOC_MAIN_WINDOW.CPP
E:\CODES\PCM\PCM\GENERATEDFILES\UI_MAIN_WINDOW.H
E:\CODES\PCM\PCM\GENERATEDFILES\QRC_MAIN_WINDOW.CPP
E:\Codes\PCM\PCM\x64\Debug\main.obj
E:\Codes\PCM\PCM\x64\Debug\main_window.obj
E:\Codes\PCM\PCM\x64\Debug\moc_main_window.obj
E:\Codes\PCM\PCM\x64\Debug\qrc_main_window.obj
E:\Codes\PCM\PCM\x64\Debug\cl.command.1.tlog
E:\Codes\PCM\PCM\x64\Debug\CL.read.1.tlog
E:\Codes\PCM\PCM\x64\Debug\CL.write.1.tlog
E:\Codes\PCM\PCM\x64\Debug\custombuild.command.1.tlog
E:\Codes\PCM\PCM\x64\Debug\custombuild.read.1.tlog
E:\Codes\PCM\PCM\x64\Debug\custombuild.write.1.tlog
E:\Codes\PCM\PCM\x64\Debug\link.command.1.tlog
E:\Codes\PCM\PCM\x64\Debug\link.read.1.tlog
E:\Codes\PCM\PCM\x64\Debug\link.write.1.tlog
E:\Codes\PCM\PCM\x64\Debug\vc110.pdb
