E:\CODES\PCM\QGLVIEWER\WIN32\DEBUG\VISIBILITYOPTIMIZER.OBJ
E:\CODES\PCM\QGLVIEWER\WIN32\DEBUG\VECTOR3.OBJ
E:\CODES\PCM\QGLVIEWER\WIN32\DEBUG\VECTOR2.OBJ
E:\CODES\PCM\QGLVIEWER\WIN32\DEBUG\VRENDER.OBJ
E:\CODES\PCM\QGLVIEWER\WIN32\DEBUG\TOPOLOGICALSORTMETHOD.OBJ
E:\CODES\PCM\QGLVIEWER\WIN32\DEBUG\PRIMITIVEPOSITIONING.OBJ
E:\CODES\PCM\QGLVIEWER\WIN32\DEBUG\PRIMITIVE.OBJ
E:\CODES\PCM\QGLVIEWER\WIN32\DEBUG\PARSERGL.OBJ
E:\CODES\PCM\QGLVIEWER\WIN32\DEBUG\NVECTOR3.OBJ
E:\CODES\PCM\QGLVIEWER\WIN32\DEBUG\FIGEXPORTER.OBJ
E:\CODES\PCM\QGLVIEWER\WIN32\DEBUG\EXPORTER.OBJ
E:\CODES\PCM\QGLVIEWER\WIN32\DEBUG\EPSEXPORTER.OBJ
E:\CODES\PCM\QGLVIEWER\WIN32\DEBUG\BACKFACECULLINGOPTIMIZER.OBJ
E:\CODES\PCM\QGLVIEWER\WIN32\DEBUG\BSPSORTMETHOD.OBJ
E:\CODES\PCM\QGLVIEWER\WIN32\DEBUG\MOC_QGLVIEWER.OBJ
E:\CODES\PCM\QGLVIEWER\WIN32\DEBUG\MOC_MANIPULATEDFRAME.OBJ
E:\CODES\PCM\QGLVIEWER\WIN32\DEBUG\MOC_MANIPULATEDCAMERAFRAME.OBJ
E:\CODES\PCM\QGLVIEWER\WIN32\DEBUG\MOC_KEYFRAMEINTERPOLATOR.OBJ
E:\CODES\PCM\QGLVIEWER\WIN32\DEBUG\MOC_FRAME.OBJ
E:\CODES\PCM\QGLVIEWER\WIN32\DEBUG\MOC_CAMERA.OBJ
E:\CODES\PCM\QGLVIEWER\WIN32\DEBUG\VEC.OBJ
E:\CODES\PCM\QGLVIEWER\WIN32\DEBUG\SAVESNAPSHOT.OBJ
E:\CODES\PCM\QGLVIEWER\WIN32\DEBUG\QUATERNION.OBJ
E:\CODES\PCM\QGLVIEWER\WIN32\DEBUG\QGLVIEWER.OBJ
E:\CODES\PCM\QGLVIEWER\WIN32\DEBUG\MOUSEGRABBER.OBJ
E:\CODES\PCM\QGLVIEWER\WIN32\DEBUG\MANIPULATEDFRAME.OBJ
E:\CODES\PCM\QGLVIEWER\WIN32\DEBUG\MANIPULATEDCAMERAFRAME.OBJ
E:\CODES\PCM\QGLVIEWER\WIN32\DEBUG\KEYFRAMEINTERPOLATOR.OBJ
E:\CODES\PCM\QGLVIEWER\WIN32\DEBUG\GPC.OBJ
E:\CODES\PCM\QGLVIEWER\WIN32\DEBUG\FRAME.OBJ
E:\CODES\PCM\QGLVIEWER\WIN32\DEBUG\CONSTRAINT.OBJ
E:\CODES\PCM\QGLVIEWER\WIN32\DEBUG\CAMERA.OBJ
E:\CODES\PCM\QGLVIEWER\WIN32\DEBUG\VC110.PDB
E:\CODES\PCM\QGLVIEWER\DEBUG\MOC_CAMERA.CPP
E:\CODES\PCM\QGLVIEWER\DEBUG\MOC_FRAME.CPP
E:\CODES\PCM\QGLVIEWER\DEBUG\MOC_KEYFRAMEINTERPOLATOR.CPP
E:\CODES\PCM\QGLVIEWER\DEBUG\MOC_MANIPULATEDCAMERAFRAME.CPP
E:\CODES\PCM\QGLVIEWER\DEBUG\MOC_MANIPULATEDFRAME.CPP
E:\CODES\PCM\QGLVIEWER\DEBUG\MOC_QGLVIEWER.CPP
E:\CODES\PCM\QGLVIEWER\GENERATEDFILES\UI_IMAGEINTERFACE.H
E:\CODES\PCM\QGLVIEWER\GENERATEDFILES\UI_VRENDERINTERFACE.H
E:\CODES\PCM\WIN32\DEBUG\QGLVIEWERD2.ILK
E:\CODES\PCM\WIN32\DEBUG\QGLVIEWERD2.DLL
E:\CODES\PCM\WIN32\DEBUG\QGLVIEWERD2.PDB
E:\Codes\PCM\Win32\Debug\QGLViewerd2.lib
E:\Codes\PCM\Win32\Debug\QGLViewerd2.exp
E:\CODES\PCM\QGLVIEWER\WIN32\DEBUG\QGLVIEWERD_RESOURCE.RES
E:\Codes\PCM\QGLViewer\Win32\Debug\BackFaceCullingOptimizer.obj
E:\Codes\PCM\QGLViewer\Win32\Debug\BSPSortMethod.obj
E:\Codes\PCM\QGLViewer\Win32\Debug\camera.obj
E:\Codes\PCM\QGLViewer\Win32\Debug\constraint.obj
E:\Codes\PCM\QGLViewer\Win32\Debug\EPSExporter.obj
E:\Codes\PCM\QGLViewer\Win32\Debug\Exporter.obj
E:\Codes\PCM\QGLViewer\Win32\Debug\FIGExporter.obj
E:\Codes\PCM\QGLViewer\Win32\Debug\frame.obj
E:\Codes\PCM\QGLViewer\Win32\Debug\gpc.obj
E:\Codes\PCM\QGLViewer\Win32\Debug\keyFrameInterpolator.obj
E:\Codes\PCM\QGLViewer\Win32\Debug\manipulatedCameraFrame.obj
E:\Codes\PCM\QGLViewer\Win32\Debug\manipulatedFrame.obj
E:\Codes\PCM\QGLViewer\Win32\Debug\moc_camera.obj
E:\Codes\PCM\QGLViewer\Win32\Debug\moc_frame.obj
E:\Codes\PCM\QGLViewer\Win32\Debug\moc_keyFrameInterpolator.obj
E:\Codes\PCM\QGLViewer\Win32\Debug\moc_manipulatedCameraFrame.obj
E:\Codes\PCM\QGLViewer\Win32\Debug\moc_manipulatedFrame.obj
E:\Codes\PCM\QGLViewer\Win32\Debug\moc_qglviewer.obj
E:\Codes\PCM\QGLViewer\Win32\Debug\mouseGrabber.obj
E:\Codes\PCM\QGLViewer\Win32\Debug\NVector3.obj
E:\Codes\PCM\QGLViewer\Win32\Debug\ParserGL.obj
E:\Codes\PCM\QGLViewer\Win32\Debug\Primitive.obj
E:\Codes\PCM\QGLViewer\Win32\Debug\PrimitivePositioning.obj
E:\Codes\PCM\QGLViewer\Win32\Debug\qglviewer.obj
E:\Codes\PCM\QGLViewer\Win32\Debug\quaternion.obj
E:\Codes\PCM\QGLViewer\Win32\Debug\saveSnapshot.obj
E:\Codes\PCM\QGLViewer\Win32\Debug\TopologicalSortMethod.obj
E:\Codes\PCM\QGLViewer\Win32\Debug\vec.obj
E:\Codes\PCM\QGLViewer\Win32\Debug\Vector2.obj
E:\Codes\PCM\QGLViewer\Win32\Debug\Vector3.obj
E:\Codes\PCM\QGLViewer\Win32\Debug\VisibilityOptimizer.obj
E:\Codes\PCM\QGLViewer\Win32\Debug\VRender.obj
E:\Codes\PCM\QGLViewer\Win32\Debug\cl.command.1.tlog
E:\Codes\PCM\QGLViewer\Win32\Debug\CL.read.1.tlog
E:\Codes\PCM\QGLViewer\Win32\Debug\CL.write.1.tlog
E:\Codes\PCM\QGLViewer\Win32\Debug\custombuild.command.1.tlog
E:\Codes\PCM\QGLViewer\Win32\Debug\custombuild.read.1.tlog
E:\Codes\PCM\QGLViewer\Win32\Debug\custombuild.write.1.tlog
E:\Codes\PCM\QGLViewer\Win32\Debug\link-cvtres.read.1.tlog
E:\Codes\PCM\QGLViewer\Win32\Debug\link-cvtres.write.1.tlog
E:\Codes\PCM\QGLViewer\Win32\Debug\link-rc.read.1.tlog
E:\Codes\PCM\QGLViewer\Win32\Debug\link-rc.write.1.tlog
E:\Codes\PCM\QGLViewer\Win32\Debug\link.command.1.tlog
E:\Codes\PCM\QGLViewer\Win32\Debug\link.read.1.tlog
E:\Codes\PCM\QGLViewer\Win32\Debug\link.write.1.tlog
E:\Codes\PCM\QGLViewer\Win32\Debug\QGLViewer.write.1.tlog
E:\Codes\PCM\QGLViewer\Win32\Debug\rc.command.1.tlog
E:\Codes\PCM\QGLViewer\Win32\Debug\rc.read.1.tlog
E:\Codes\PCM\QGLViewer\Win32\Debug\rc.write.1.tlog
E:\Codes\PCM\QGLViewer\Win32\Debug\QGLViewerd_resource.res
E:\Codes\PCM\QGLViewer\Win32\Debug\vc110.pdb
E:\Codes\PCM\Win32\Debug\QGLViewerd2.pdb
E:\Codes\PCM\Win32\Debug\QGLViewerd2.dll
E:\Codes\PCM\Win32\Debug\QGLViewerd2.ilk
