E:\DOWNLOAD\LIBQGLVIEWER-2.5.2\LIBQGLVIEWER-2.5.2\QGLVIEWER\X64\DEBUG\VISIBILITYOPTIMIZER.OBJ
E:\DOWNLOAD\LIBQGLVIEWER-2.5.2\LIBQGLVIEWER-2.5.2\QGLVIEWER\X64\DEBUG\VECTOR3.OBJ
E:\DOWNLOAD\LIBQGLVIEWER-2.5.2\LIBQGLVIEWER-2.5.2\QGLVIEWER\X64\DEBUG\VECTOR2.OBJ
E:\DOWNLOAD\LIBQGLVIEWER-2.5.2\LIBQGLVIEWER-2.5.2\QGLVIEWER\X64\DEBUG\VRENDER.OBJ
E:\DOWNLOAD\LIBQGLVIEWER-2.5.2\LIBQGLVIEWER-2.5.2\QGLVIEWER\X64\DEBUG\TOPOLOGICALSORTMETHOD.OBJ
E:\DOWNLOAD\LIBQGLVIEWER-2.5.2\LIBQGLVIEWER-2.5.2\QGLVIEWER\X64\DEBUG\PRIMITIVEPOSITIONING.OBJ
E:\DOWNLOAD\LIBQGLVIEWER-2.5.2\LIBQGLVIEWER-2.5.2\QGLVIEWER\X64\DEBUG\PRIMITIVE.OBJ
E:\DOWNLOAD\LIBQGLVIEWER-2.5.2\LIBQGLVIEWER-2.5.2\QGLVIEWER\X64\DEBUG\PARSERGL.OBJ
E:\DOWNLOAD\LIBQGLVIEWER-2.5.2\LIBQGLVIEWER-2.5.2\QGLVIEWER\X64\DEBUG\NVECTOR3.OBJ
E:\DOWNLOAD\LIBQGLVIEWER-2.5.2\LIBQGLVIEWER-2.5.2\QGLVIEWER\X64\DEBUG\FIGEXPORTER.OBJ
E:\DOWNLOAD\LIBQGLVIEWER-2.5.2\LIBQGLVIEWER-2.5.2\QGLVIEWER\X64\DEBUG\EXPORTER.OBJ
E:\DOWNLOAD\LIBQGLVIEWER-2.5.2\LIBQGLVIEWER-2.5.2\QGLVIEWER\X64\DEBUG\EPSEXPORTER.OBJ
E:\DOWNLOAD\LIBQGLVIEWER-2.5.2\LIBQGLVIEWER-2.5.2\QGLVIEWER\X64\DEBUG\BACKFACECULLINGOPTIMIZER.OBJ
E:\DOWNLOAD\LIBQGLVIEWER-2.5.2\LIBQGLVIEWER-2.5.2\QGLVIEWER\X64\DEBUG\BSPSORTMETHOD.OBJ
E:\DOWNLOAD\LIBQGLVIEWER-2.5.2\LIBQGLVIEWER-2.5.2\QGLVIEWER\X64\DEBUG\MOC_QGLVIEWER.OBJ
E:\DOWNLOAD\LIBQGLVIEWER-2.5.2\LIBQGLVIEWER-2.5.2\QGLVIEWER\X64\DEBUG\MOC_MANIPULATEDFRAME.OBJ
E:\DOWNLOAD\LIBQGLVIEWER-2.5.2\LIBQGLVIEWER-2.5.2\QGLVIEWER\X64\DEBUG\MOC_MANIPULATEDCAMERAFRAME.OBJ
E:\DOWNLOAD\LIBQGLVIEWER-2.5.2\LIBQGLVIEWER-2.5.2\QGLVIEWER\X64\DEBUG\MOC_KEYFRAMEINTERPOLATOR.OBJ
E:\DOWNLOAD\LIBQGLVIEWER-2.5.2\LIBQGLVIEWER-2.5.2\QGLVIEWER\X64\DEBUG\MOC_FRAME.OBJ
E:\DOWNLOAD\LIBQGLVIEWER-2.5.2\LIBQGLVIEWER-2.5.2\QGLVIEWER\X64\DEBUG\MOC_CAMERA.OBJ
E:\DOWNLOAD\LIBQGLVIEWER-2.5.2\LIBQGLVIEWER-2.5.2\QGLVIEWER\X64\DEBUG\VEC.OBJ
E:\DOWNLOAD\LIBQGLVIEWER-2.5.2\LIBQGLVIEWER-2.5.2\QGLVIEWER\X64\DEBUG\SAVESNAPSHOT.OBJ
E:\DOWNLOAD\LIBQGLVIEWER-2.5.2\LIBQGLVIEWER-2.5.2\QGLVIEWER\X64\DEBUG\QUATERNION.OBJ
E:\DOWNLOAD\LIBQGLVIEWER-2.5.2\LIBQGLVIEWER-2.5.2\QGLVIEWER\X64\DEBUG\QGLVIEWER.OBJ
E:\DOWNLOAD\LIBQGLVIEWER-2.5.2\LIBQGLVIEWER-2.5.2\QGLVIEWER\X64\DEBUG\MOUSEGRABBER.OBJ
E:\DOWNLOAD\LIBQGLVIEWER-2.5.2\LIBQGLVIEWER-2.5.2\QGLVIEWER\X64\DEBUG\MANIPULATEDFRAME.OBJ
E:\DOWNLOAD\LIBQGLVIEWER-2.5.2\LIBQGLVIEWER-2.5.2\QGLVIEWER\X64\DEBUG\MANIPULATEDCAMERAFRAME.OBJ
E:\DOWNLOAD\LIBQGLVIEWER-2.5.2\LIBQGLVIEWER-2.5.2\QGLVIEWER\X64\DEBUG\KEYFRAMEINTERPOLATOR.OBJ
E:\DOWNLOAD\LIBQGLVIEWER-2.5.2\LIBQGLVIEWER-2.5.2\QGLVIEWER\X64\DEBUG\GPC.OBJ
E:\DOWNLOAD\LIBQGLVIEWER-2.5.2\LIBQGLVIEWER-2.5.2\QGLVIEWER\X64\DEBUG\FRAME.OBJ
E:\DOWNLOAD\LIBQGLVIEWER-2.5.2\LIBQGLVIEWER-2.5.2\QGLVIEWER\X64\DEBUG\CONSTRAINT.OBJ
E:\DOWNLOAD\LIBQGLVIEWER-2.5.2\LIBQGLVIEWER-2.5.2\QGLVIEWER\X64\DEBUG\CAMERA.OBJ
E:\DOWNLOAD\LIBQGLVIEWER-2.5.2\LIBQGLVIEWER-2.5.2\QGLVIEWER\X64\DEBUG\VC110.PDB
E:\DOWNLOAD\LIBQGLVIEWER-2.5.2\LIBQGLVIEWER-2.5.2\QGLVIEWER\DEBUG\MOC_CAMERA.CPP
E:\DOWNLOAD\LIBQGLVIEWER-2.5.2\LIBQGLVIEWER-2.5.2\QGLVIEWER\DEBUG\MOC_FRAME.CPP
E:\DOWNLOAD\LIBQGLVIEWER-2.5.2\LIBQGLVIEWER-2.5.2\QGLVIEWER\DEBUG\MOC_KEYFRAMEINTERPOLATOR.CPP
E:\DOWNLOAD\LIBQGLVIEWER-2.5.2\LIBQGLVIEWER-2.5.2\QGLVIEWER\DEBUG\MOC_MANIPULATEDCAMERAFRAME.CPP
E:\DOWNLOAD\LIBQGLVIEWER-2.5.2\LIBQGLVIEWER-2.5.2\QGLVIEWER\DEBUG\MOC_MANIPULATEDFRAME.CPP
E:\DOWNLOAD\LIBQGLVIEWER-2.5.2\LIBQGLVIEWER-2.5.2\QGLVIEWER\DEBUG\MOC_QGLVIEWER.CPP
E:\DOWNLOAD\LIBQGLVIEWER-2.5.2\LIBQGLVIEWER-2.5.2\QGLVIEWER\GENERATEDFILES\UI_IMAGEINTERFACE.H
E:\DOWNLOAD\LIBQGLVIEWER-2.5.2\LIBQGLVIEWER-2.5.2\QGLVIEWER\GENERATEDFILES\UI_VRENDERINTERFACE.H
E:\DOWNLOAD\LIBQGLVIEWER-2.5.2\LIBQGLVIEWER-2.5.2\QGLVIEWER\X64\DEBUG\QGLVIEWERD2.ILK
E:\DOWNLOAD\LIBQGLVIEWER-2.5.2\LIBQGLVIEWER-2.5.2\QGLVIEWER\X64\DEBUG\QGLVIEWERD2.DLL
E:\DOWNLOAD\LIBQGLVIEWER-2.5.2\LIBQGLVIEWER-2.5.2\QGLVIEWER\X64\DEBUG\QGLVIEWERD2.PDB
E:\Download\libQGLViewer-2.5.2\libQGLViewer-2.5.2\QGLViewer\x64\Debug\QGLViewerd2.lib
E:\Download\libQGLViewer-2.5.2\libQGLViewer-2.5.2\QGLViewer\x64\Debug\QGLViewerd2.exp
E:\DOWNLOAD\LIBQGLVIEWER-2.5.2\LIBQGLVIEWER-2.5.2\QGLVIEWER\X64\DEBUG\QGLVIEWERD_RESOURCE.RES
E:\Codes\PCM\QGLViewer\x64\Debug\BackFaceCullingOptimizer.obj
E:\Codes\PCM\QGLViewer\x64\Debug\BSPSortMethod.obj
E:\Codes\PCM\QGLViewer\x64\Debug\camera.obj
E:\Codes\PCM\QGLViewer\x64\Debug\constraint.obj
E:\Codes\PCM\QGLViewer\x64\Debug\EPSExporter.obj
E:\Codes\PCM\QGLViewer\x64\Debug\Exporter.obj
E:\Codes\PCM\QGLViewer\x64\Debug\FIGExporter.obj
E:\Codes\PCM\QGLViewer\x64\Debug\frame.obj
E:\Codes\PCM\QGLViewer\x64\Debug\gpc.obj
E:\Codes\PCM\QGLViewer\x64\Debug\keyFrameInterpolator.obj
E:\Codes\PCM\QGLViewer\x64\Debug\manipulatedCameraFrame.obj
E:\Codes\PCM\QGLViewer\x64\Debug\manipulatedFrame.obj
E:\Codes\PCM\QGLViewer\x64\Debug\moc_camera.obj
E:\Codes\PCM\QGLViewer\x64\Debug\moc_frame.obj
E:\Codes\PCM\QGLViewer\x64\Debug\moc_keyFrameInterpolator.obj
E:\Codes\PCM\QGLViewer\x64\Debug\moc_manipulatedCameraFrame.obj
E:\Codes\PCM\QGLViewer\x64\Debug\moc_manipulatedFrame.obj
E:\Codes\PCM\QGLViewer\x64\Debug\moc_qglviewer.obj
E:\Codes\PCM\QGLViewer\x64\Debug\mouseGrabber.obj
E:\Codes\PCM\QGLViewer\x64\Debug\NVector3.obj
E:\Codes\PCM\QGLViewer\x64\Debug\ParserGL.obj
E:\Codes\PCM\QGLViewer\x64\Debug\Primitive.obj
E:\Codes\PCM\QGLViewer\x64\Debug\PrimitivePositioning.obj
E:\Codes\PCM\QGLViewer\x64\Debug\qglviewer.obj
E:\Codes\PCM\QGLViewer\x64\Debug\quaternion.obj
E:\Codes\PCM\QGLViewer\x64\Debug\saveSnapshot.obj
E:\Codes\PCM\QGLViewer\x64\Debug\TopologicalSortMethod.obj
E:\Codes\PCM\QGLViewer\x64\Debug\vec.obj
E:\Codes\PCM\QGLViewer\x64\Debug\Vector2.obj
E:\Codes\PCM\QGLViewer\x64\Debug\Vector3.obj
E:\Codes\PCM\QGLViewer\x64\Debug\VisibilityOptimizer.obj
E:\Codes\PCM\QGLViewer\x64\Debug\VRender.obj
E:\Codes\PCM\QGLViewer\x64\Debug\QGLViewerd2.ilk
E:\Codes\PCM\QGLViewer\x64\Debug\cl.command.1.tlog
E:\Codes\PCM\QGLViewer\x64\Debug\CL.read.1.tlog
E:\Codes\PCM\QGLViewer\x64\Debug\CL.write.1.tlog
E:\Codes\PCM\QGLViewer\x64\Debug\custombuild.command.1.tlog
E:\Codes\PCM\QGLViewer\x64\Debug\custombuild.read.1.tlog
E:\Codes\PCM\QGLViewer\x64\Debug\custombuild.write.1.tlog
E:\Codes\PCM\QGLViewer\x64\Debug\link-cvtres.read.1.tlog
E:\Codes\PCM\QGLViewer\x64\Debug\link-cvtres.write.1.tlog
E:\Codes\PCM\QGLViewer\x64\Debug\link-rc.read.1.tlog
E:\Codes\PCM\QGLViewer\x64\Debug\link-rc.write.1.tlog
E:\Codes\PCM\QGLViewer\x64\Debug\link.command.1.tlog
E:\Codes\PCM\QGLViewer\x64\Debug\link.read.1.tlog
E:\Codes\PCM\QGLViewer\x64\Debug\link.write.1.tlog
E:\Codes\PCM\QGLViewer\x64\Debug\QGLViewer.write.1.tlog
E:\Codes\PCM\QGLViewer\x64\Debug\rc.command.1.tlog
E:\Codes\PCM\QGLViewer\x64\Debug\rc.read.1.tlog
E:\Codes\PCM\QGLViewer\x64\Debug\rc.write.1.tlog
E:\Codes\PCM\QGLViewer\x64\Debug\QGLViewerd_resource.res
E:\Codes\PCM\QGLViewer\x64\Debug\QGLViewerd2.exp
E:\Codes\PCM\QGLViewer\x64\Debug\QGLViewerd2.pdb
E:\Codes\PCM\QGLViewer\x64\Debug\vc110.pdb
