E:\CODES\PCM\PCM\DEBUG\VERTEX.OBJ
E:\CODES\PCM\PCM\DEBUG\TRAJECTORY_CLASSIFIER.OBJ
E:\CODES\PCM\PCM\DEBUG\SELECT_TOOL.OBJ
E:\CODES\PCM\PCM\DEBUG\PAINT_CANVAS.OBJ
E:\CODES\PCM\PCM\DEBUG\MAIN_WINDOW.OBJ
E:\CODES\PCM\PCM\DEBUG\MAIN.OBJ
E:\CODES\PCM\PCM\DEBUG\GLOBALS.OBJ
E:\CODES\PCM\PCM\DEBUG\MOC_PAINT_CANVAS.OBJ
E:\CODES\PCM\PCM\DEBUG\MOC_MAIN_WINDOW.OBJ
E:\CODES\PCM\PCM\DEBUG\FILE_SYSTEM.OBJ
E:\CODES\PCM\PCM\DEBUG\SAMPLE_SET.OBJ
E:\CODES\PCM\PCM\DEBUG\SAMPLE.OBJ
E:\CODES\PCM\PCM\DEBUG\MOC_TRAJECTORY_CLASSIFIER.OBJ
E:\CODES\PCM\PCM\DEBUG\FILE_IO.OBJ
E:\CODES\PCM\PCM\DEBUG\CONSOLE.OBJ
E:\CODES\PCM\PCM\DEBUG\COLOR_TABLE.OBJ
E:\CODES\PCM\PCM\DEBUG\VC110.PDB
E:\CODES\PCM\PCM\DEBUG\QRC_MAIN_WINDOW.OBJ
E:\CODES\PCM\PCM\GENERATEDFILES\DEBUG\MOC_MAIN_WINDOW.CPP
E:\CODES\PCM\PCM\GENERATEDFILES\UI_MAIN_WINDOW.H
E:\CODES\PCM\PCM\GENERATEDFILES\DEBUG\MOC_PAINT_CANVAS.CPP
E:\CODES\PCM\PCM\GENERATEDFILES\DEBUG\MOC_TRAJECTORY_CLASSIFIER.CPP
E:\CODES\PCM\PCM\GENERATEDFILES\QRC_MAIN_WINDOW.CPP
E:\CODES\PCM\PCM\GENERATEDFILES\UI_DLG_CLUSTERING.H
E:\CODES\PCM\WIN32\DEBUG\PCM.EXE
E:\CODES\PCM\WIN32\DEBUG\PCM.PDB
E:\Codes\PCM\PCM\Debug\color_table.obj
E:\Codes\PCM\PCM\Debug\console.obj
E:\Codes\PCM\PCM\Debug\file_io.obj
E:\Codes\PCM\PCM\Debug\file_system.obj
E:\Codes\PCM\PCM\Debug\globals.obj
E:\Codes\PCM\PCM\Debug\main.obj
E:\Codes\PCM\PCM\Debug\main_window.obj
E:\Codes\PCM\PCM\Debug\moc_main_window.obj
E:\Codes\PCM\PCM\Debug\moc_paint_canvas.obj
E:\Codes\PCM\PCM\Debug\moc_trajectory_classifier.obj
E:\Codes\PCM\PCM\Debug\paint_canvas.obj
E:\Codes\PCM\PCM\Debug\qrc_main_window.obj
E:\Codes\PCM\PCM\Debug\sample.obj
E:\Codes\PCM\PCM\Debug\sample_set.obj
E:\Codes\PCM\PCM\Debug\select_tool.obj
E:\Codes\PCM\PCM\Debug\trajectory_classifier.obj
E:\Codes\PCM\PCM\Debug\vertex.obj
E:\Codes\PCM\PCM\Debug\cl.command.1.tlog
E:\Codes\PCM\PCM\Debug\CL.read.1.tlog
E:\Codes\PCM\PCM\Debug\CL.write.1.tlog
E:\Codes\PCM\PCM\Debug\custombuild.command.1.tlog
E:\Codes\PCM\PCM\Debug\custombuild.read.1.tlog
E:\Codes\PCM\PCM\Debug\custombuild.write.1.tlog
E:\Codes\PCM\PCM\Debug\link-cvtres.read.1.tlog
E:\Codes\PCM\PCM\Debug\link-cvtres.write.1.tlog
E:\Codes\PCM\PCM\Debug\link-rc.read.1.tlog
E:\Codes\PCM\PCM\Debug\link-rc.write.1.tlog
E:\Codes\PCM\PCM\Debug\link.command.1.tlog
E:\Codes\PCM\PCM\Debug\link.read.1.tlog
E:\Codes\PCM\PCM\Debug\link.write.1.tlog
E:\Codes\PCM\PCM\Debug\vc110.pdb
E:\Codes\PCM\Win32\Debug\PCM.pdb
E:\Codes\PCM\Win32\Debug\PCM.exe
